{"error":"taskInfo.task.destroy is not a function","level":"error","message":"移除定时任务失败","name":"test-task","service":"web-crawler","timestamp":"2025-07-02 15:04:09"}
{"error":"taskInfo.task.destroy is not a function","level":"error","message":"移除定时任务失败","name":"test-task","service":"web-crawler","timestamp":"2025-07-02 15:04:36"}
{"level":"error","message":"响应拦截器错误 Request failed with status code 403","service":"web-crawler","status":403,"timestamp":"2025-07-02 15:14:52","url":"https://farside.co.uk/bitcoin-etf-flow-all-data/"}
{"level":"error","message":"响应拦截器错误 Request failed with status code 403","service":"web-crawler","status":403,"timestamp":"2025-07-02 15:14:54","url":"https://farside.co.uk/bitcoin-etf-flow-all-data/"}
{"level":"error","message":"响应拦截器错误 Request failed with status code 403","service":"web-crawler","status":403,"timestamp":"2025-07-02 15:14:57","url":"https://farside.co.uk/bitcoin-etf-flow-all-data/"}
{"attempts":3,"error":"Request failed with status code 403","level":"error","message":"请求最终失败","service":"web-crawler","timestamp":"2025-07-02 15:14:57","url":"https://farside.co.uk/bitcoin-etf-flow-all-data/"}
{"level":"error","message":"响应拦截器错误 Request failed with status code 403","service":"web-crawler","status":403,"timestamp":"2025-07-02 15:15:12","url":"https://farside.co.uk/ethereum-etf-flow-all-data/"}
{"level":"error","message":"响应拦截器错误 Request failed with status code 403","service":"web-crawler","status":403,"timestamp":"2025-07-02 15:15:15","url":"https://farside.co.uk/ethereum-etf-flow-all-data/"}
{"level":"error","message":"响应拦截器错误 Request failed with status code 403","service":"web-crawler","status":403,"timestamp":"2025-07-02 15:15:18","url":"https://farside.co.uk/ethereum-etf-flow-all-data/"}
{"attempts":3,"error":"Request failed with status code 403","level":"error","message":"请求最终失败","service":"web-crawler","timestamp":"2025-07-02 15:15:18","url":"https://farside.co.uk/ethereum-etf-flow-all-data/"}
{"error":"Waiting for selector `table, .table, [class*=\"table\"]` failed: Waiting failed: 10000ms exceeded","level":"error","message":"Puppeteer请求失败","service":"web-crawler","timestamp":"2025-07-02 15:15:32","url":"https://farside.co.uk/ethereum-etf-flow-all-data/"}
{"crawler":"SiteAnalyzer","error":"Waiting for selector `table, .table, [class*=\"table\"]` failed: Waiting failed: 10000ms exceeded","level":"error","message":"无法访问网站: Ethereum ETF Flow","service":"web-crawler","timestamp":"2025-07-02 15:15:32"}
{"level":"error","message":"响应拦截器错误 Request failed with status code 403","service":"web-crawler","status":403,"timestamp":"2025-07-02 15:17:10","url":"https://farside.co.uk/bitcoin-etf-flow-all-data/"}
{"level":"error","message":"响应拦截器错误 Request failed with status code 403","service":"web-crawler","status":403,"timestamp":"2025-07-02 15:17:16","url":"https://farside.co.uk/bitcoin-etf-flow-all-data/"}
{"level":"error","message":"响应拦截器错误 Request failed with status code 403","service":"web-crawler","status":403,"timestamp":"2025-07-02 15:17:19","url":"https://farside.co.uk/bitcoin-etf-flow-all-data/"}
{"attempts":3,"error":"Request failed with status code 403","level":"error","message":"请求最终失败","service":"web-crawler","timestamp":"2025-07-02 15:17:19","url":"https://farside.co.uk/bitcoin-etf-flow-all-data/"}
{"error":"net::ERR_CONNECTION_RESET at https://farside.co.uk/bitcoin-etf-flow-all-data/","level":"error","message":"Puppeteer请求失败","service":"web-crawler","timestamp":"2025-07-02 15:17:31","url":"https://farside.co.uk/bitcoin-etf-flow-all-data/"}
{"crawler":"SiteAnalyzer","error":"net::ERR_CONNECTION_RESET at https://farside.co.uk/bitcoin-etf-flow-all-data/","level":"error","message":"无法访问网站: Bitcoin ETF Flow","service":"web-crawler","timestamp":"2025-07-02 15:17:31"}
{"level":"error","message":"响应拦截器错误 Request failed with status code 403","service":"web-crawler","status":403,"timestamp":"2025-07-02 15:17:36","url":"https://farside.co.uk/ethereum-etf-flow-all-data/"}
{"level":"error","message":"响应拦截器错误 Request failed with status code 403","service":"web-crawler","status":403,"timestamp":"2025-07-02 15:17:39","url":"https://farside.co.uk/ethereum-etf-flow-all-data/"}
{"level":"error","message":"响应拦截器错误 Request failed with status code 403","service":"web-crawler","status":403,"timestamp":"2025-07-02 15:17:45","url":"https://farside.co.uk/ethereum-etf-flow-all-data/"}
{"attempts":3,"error":"Request failed with status code 403","level":"error","message":"请求最终失败","service":"web-crawler","timestamp":"2025-07-02 15:17:45","url":"https://farside.co.uk/ethereum-etf-flow-all-data/"}
{"crawler":"FarsideCrawler","error":"this.storageService.save is not a function","level":"error","message":"爬取 Bitcoin ETF Flow 时发生异常","service":"web-crawler","timestamp":"2025-07-02 15:23:26"}
{"error":"Waiting for selector `table.etf` failed: Waiting failed: 15000ms exceeded","level":"error","message":"Puppeteer请求失败","service":"web-crawler","timestamp":"2025-07-02 15:23:45","url":"https://farside.co.uk/ethereum-etf-flow-all-data/"}
{"level":"error","message":"响应拦截器错误 Request failed with status code 403","service":"web-crawler","status":403,"timestamp":"2025-07-02 15:23:47","url":"https://farside.co.uk/ethereum-etf-flow-all-data/"}
{"level":"error","message":"响应拦截器错误 Request failed with status code 403","service":"web-crawler","status":403,"timestamp":"2025-07-02 15:23:49","url":"https://farside.co.uk/ethereum-etf-flow-all-data/"}
{"level":"error","message":"响应拦截器错误 Request failed with status code 403","service":"web-crawler","status":403,"timestamp":"2025-07-02 15:23:52","url":"https://farside.co.uk/ethereum-etf-flow-all-data/"}
{"attempts":3,"error":"Request failed with status code 403","level":"error","message":"请求最终失败","service":"web-crawler","timestamp":"2025-07-02 15:23:52","url":"https://farside.co.uk/ethereum-etf-flow-all-data/"}
{"crawler":"FarsideCrawler","error":"Request failed with status code 403","level":"error","message":"Ethereum ETF Flow 数据爬取失败","service":"web-crawler","timestamp":"2025-07-02 15:23:52"}
{"crawler":"FarsideCrawler","error":"crawlHistoricalData method must be implemented by subclass","level":"error","message":"历史数据爬取失败","service":"web-crawler","timestamp":"2025-07-02 15:31:03"}
{"crawler":"FarsideCrawler","error":"crawlHistoricalData method must be implemented by subclass","level":"error","message":"爬虫运行失败","service":"web-crawler","stack":"Error: crawlHistoricalData method must be implemented by subclass\n    at FarsideCrawler.crawlHistoricalData (/Users/easonyang/Data_WebcCrawl/src/core/baseCrawler.js:34:11)\n    at FarsideCrawler.runHistoricalCrawl (/Users/easonyang/Data_WebcCrawl/src/core/baseCrawler.js:137:41)\n    at FarsideCrawler.run (/Users/easonyang/Data_WebcCrawl/src/core/baseCrawler.js:106:20)\n    at async CrawlerManager.runCrawler (/Users/easonyang/Data_WebcCrawl/src/core/crawlerManager.js:154:23)\n    at async WebCrawlerApp.startCrawling (/Users/easonyang/Data_WebcCrawl/app.js:97:9)\n    at async WebCrawlerApp.start (/Users/easonyang/Data_WebcCrawl/app.js:58:5)","timestamp":"2025-07-02 15:31:03"}
{"crawler":"CrawlerManager","crawlerName":"FarsideCrawler","level":"error","message":"爬虫运行失败","service":"web-crawler","timestamp":"2025-07-02 15:31:03"}
{"error":"taskInfo.task.destroy is not a function","level":"error","message":"销毁任务失败","name":"daily_crawl_FarsideCrawler","service":"web-crawler","timestamp":"2025-07-02 15:33:11"}
{"error":"Protocol error (Runtime.callFunctionOn): Promise was collected","level":"error","message":"Puppeteer请求失败","service":"web-crawler","timestamp":"2025-07-02 15:46:08","url":"https://farside.co.uk/ethereum-etf-flow-all-data/"}
{"level":"error","message":"响应拦截器错误 Request failed with status code 403","service":"web-crawler","status":403,"timestamp":"2025-07-02 15:46:21","url":"https://farside.co.uk/ethereum-etf-flow-all-data/"}
{"level":"error","message":"响应拦截器错误 Request failed with status code 403","service":"web-crawler","status":403,"timestamp":"2025-07-02 15:46:23","url":"https://farside.co.uk/ethereum-etf-flow-all-data/"}
{"level":"error","message":"响应拦截器错误 Request failed with status code 403","service":"web-crawler","status":403,"timestamp":"2025-07-02 15:46:26","url":"https://farside.co.uk/ethereum-etf-flow-all-data/"}
{"attempts":3,"error":"Request failed with status code 403","level":"error","message":"请求最终失败","service":"web-crawler","timestamp":"2025-07-02 15:46:26","url":"https://farside.co.uk/ethereum-etf-flow-all-data/"}
{"crawler":"FarsideCrawler","error":"crawlDailyData method must be implemented by subclass","level":"error","message":"每日数据爬取失败","service":"web-crawler","timestamp":"2025-07-02 17:21:03"}
{"crawler":"FarsideCrawler","error":"crawlDailyData method must be implemented by subclass","level":"error","message":"爬虫运行失败","service":"web-crawler","stack":"Error: crawlDailyData method must be implemented by subclass\n    at FarsideCrawler.crawlDailyData (/Users/easonyang/Data_WebCrawler/src/core/baseCrawler.js:43:11)\n    at FarsideCrawler.runDailyCrawl (/Users/easonyang/Data_WebCrawler/src/core/baseCrawler.js:168:36)\n    at FarsideCrawler.run (/Users/easonyang/Data_WebCrawler/src/core/baseCrawler.js:113:18)\n    at async CrawlerManager.runCrawler (/Users/easonyang/Data_WebCrawler/src/core/crawlerManager.js:154:23)\n    at async WebCrawlerApp.startCrawling (/Users/easonyang/Data_WebCrawler/app.js:98:9)\n    at async WebCrawlerApp.start (/Users/easonyang/Data_WebCrawler/app.js:59:5)","timestamp":"2025-07-02 17:21:03"}
{"crawler":"CrawlerManager","crawlerName":"FarsideCrawler","level":"error","message":"爬虫运行失败","service":"web-crawler","timestamp":"2025-07-02 17:21:03"}
